{"C:\\Users\\Erhan\\Downloads\\Medical-Clinic-local-main (1)\\Medical-Clinic-local-main\\frontend\\src\\App.jsx": {"path":"C:\\Users\\Erhan\\Downloads\\Medical-Clinic-local-main (1)\\Medical-Clinic-local-main\\frontend\\src\\App.jsx","statementMap":{"0":{"start":{"line":19,"column":12},"end":{"line":58,"column":1}},"1":{"start":{"line":21,"column":59},"end":{"line":21,"column":78}},"2":{"start":{"line":22,"column":2},"end":{"line":39,"column":23}},"3":{"start":{"line":23,"column":22},"end":{"line":37,"column":5}},"4":{"start":{"line":24,"column":6},"end":{"line":36,"column":7}},"5":{"start":{"line":25,"column":25},"end":{"line":30,"column":9}},"6":{"start":{"line":31,"column":8},"end":{"line":31,"column":33}},"7":{"start":{"line":32,"column":8},"end":{"line":32,"column":36}},"8":{"start":{"line":34,"column":8},"end":{"line":34,"column":34}},"9":{"start":{"line":35,"column":8},"end":{"line":35,"column":20}},"10":{"start":{"line":38,"column":4},"end":{"line":38,"column":16}},"11":{"start":{"line":42,"column":2},"end":{"line":57,"column":3}}},"fnMap":{"0":{"name":"(anonymous_0)","decl":{"start":{"line":19,"column":12},"end":{"line":19,"column":13}},"loc":{"start":{"line":19,"column":18},"end":{"line":58,"column":1}},"line":19},"1":{"name":"(anonymous_1)","decl":{"start":{"line":22,"column":12},"end":{"line":22,"column":13}},"loc":{"start":{"line":22,"column":18},"end":{"line":39,"column":3}},"line":22},"2":{"name":"(anonymous_2)","decl":{"start":{"line":23,"column":22},"end":{"line":23,"column":23}},"loc":{"start":{"line":23,"column":34},"end":{"line":37,"column":5}},"line":23}},"branchMap":{},"s":{"0":1,"1":0,"2":0,"3":0,"4":0,"5":0,"6":0,"7":0,"8":0,"9":0,"10":0,"11":0},"f":{"0":0,"1":0,"2":0},"b":{},"_coverageSchema":"1a1c01bbd47fc00a2c39e90264f33305004495a9","hash":"a214c01d007762abc64a374625a8087345cfbd89"}
,"C:\\Users\\Erhan\\Downloads\\Medical-Clinic-local-main (1)\\Medical-Clinic-local-main\\frontend\\src\\i18n.jsx": {"path":"C:\\Users\\Erhan\\Downloads\\Medical-Clinic-local-main (1)\\Medical-Clinic-local-main\\frontend\\src\\i18n.jsx","statementMap":{"0":{"start":{"line":6,"column":0},"end":{"line":18,"column":5}}},"fnMap":{},"branchMap":{},"s":{"0":1},"f":{},"b":{},"_coverageSchema":"1a1c01bbd47fc00a2c39e90264f33305004495a9","hash":"e6c87b4dc5455cbb560557ebac3ba4717af4a0af"}
,"C:\\Users\\Erhan\\Downloads\\Medical-Clinic-local-main (1)\\Medical-Clinic-local-main\\frontend\\src\\main.jsx": {"path":"C:\\Users\\Erhan\\Downloads\\Medical-Clinic-local-main (1)\\Medical-Clinic-local-main\\frontend\\src\\main.jsx","statementMap":{"0":{"start":{"line":39,"column":23},"end":{"line":41,"column":2}},"1":{"start":{"line":44,"column":19},"end":{"line":60,"column":1}},"2":{"start":{"line":45,"column":48},"end":{"line":45,"column":63}},"3":{"start":{"line":46,"column":26},"end":{"line":46,"column":38}},"4":{"start":{"line":48,"column":2},"end":{"line":59,"column":4}},"5":{"start":{"line":63,"column":0},"end":{"line":67,"column":2}}},"fnMap":{"0":{"name":"(anonymous_0)","decl":{"start":{"line":44,"column":19},"end":{"line":44,"column":20}},"loc":{"start":{"line":44,"column":25},"end":{"line":60,"column":1}},"line":44}},"branchMap":{},"s":{"0":1,"1":1,"2":0,"3":0,"4":0,"5":1},"f":{"0":0},"b":{},"_coverageSchema":"1a1c01bbd47fc00a2c39e90264f33305004495a9","hash":"b43115f81eb1d9b99015eecd632a437bcf254ae3"}
,"C:\\Users\\Erhan\\Downloads\\Medical-Clinic-local-main (1)\\Medical-Clinic-local-main\\frontend\\src\\setupTests.js": {"path":"C:\\Users\\Erhan\\Downloads\\Medical-Clinic-local-main (1)\\Medical-Clinic-local-main\\frontend\\src\\setupTests.js","statementMap":{},"fnMap":{},"branchMap":{},"s":{},"f":{},"b":{}}
,"C:\\Users\\Erhan\\Downloads\\Medical-Clinic-local-main (1)\\Medical-Clinic-local-main\\frontend\\src\\components\\AppointmentForm.jsx": {"path":"C:\\Users\\Erhan\\Downloads\\Medical-Clinic-local-main (1)\\Medical-Clinic-local-main\\frontend\\src\\components\\AppointmentForm.jsx","statementMap":{"0":{"start":{"line":7,"column":24},"end":{"line":232,"column":1}},"1":{"start":{"line":8,"column":16},"end":{"line":8,"column":32}},"2":{"start":{"line":10,"column":36},"end":{"line":10,"column":48}},"3":{"start":{"line":11,"column":34},"end":{"line":11,"column":46}},"4":{"start":{"line":12,"column":28},"end":{"line":12,"column":40}},"5":{"start":{"line":13,"column":28},"end":{"line":13,"column":40}},"6":{"start":{"line":14,"column":24},"end":{"line":14,"column":36}},"7":{"start":{"line":15,"column":24},"end":{"line":15,"column":36}},"8":{"start":{"line":16,"column":30},"end":{"line":16,"column":42}},"9":{"start":{"line":17,"column":48},"end":{"line":17,"column":60}},"10":{"start":{"line":18,"column":38},"end":{"line":18,"column":60}},"11":{"start":{"line":19,"column":48},"end":{"line":19,"column":60}},"12":{"start":{"line":20,"column":46},"end":{"line":20,"column":58}},"13":{"start":{"line":21,"column":32},"end":{"line":21,"column":44}},"14":{"start":{"line":22,"column":38},"end":{"line":22,"column":53}},"15":{"start":{"line":24,"column":27},"end":{"line":34,"column":3}},"16":{"start":{"line":36,"column":32},"end":{"line":36,"column":44}},"17":{"start":{"line":37,"column":2},"end":{"line":47,"column":9}},"18":{"start":{"line":38,"column":25},"end":{"line":45,"column":5}},"19":{"start":{"line":39,"column":23},"end":{"line":42,"column":7}},"20":{"start":{"line":43,"column":6},"end":{"line":43,"column":31}},"21":{"start":{"line":44,"column":6},"end":{"line":44,"column":32}},"22":{"start":{"line":46,"column":4},"end":{"line":46,"column":19}},"23":{"start":{"line":62,"column":28},"end":{"line":105,"column":3}},"24":{"start":{"line":63,"column":4},"end":{"line":63,"column":23}},"25":{"start":{"line":64,"column":4},"end":{"line":104,"column":5}},"26":{"start":{"line":65,"column":29},"end":{"line":65,"column":48}},"27":{"start":{"line":66,"column":23},"end":{"line":87,"column":7}},"28":{"start":{"line":88,"column":6},"end":{"line":88,"column":34}},"29":{"start":{"line":89,"column":6},"end":{"line":101,"column":23}},"30":{"start":{"line":103,"column":6},"end":{"line":103,"column":47}},"31":{"start":{"line":107,"column":2},"end":{"line":231,"column":4}},"32":{"start":{"line":116,"column":29},"end":{"line":116,"column":57}},"33":{"start":{"line":122,"column":29},"end":{"line":122,"column":56}},"34":{"start":{"line":130,"column":29},"end":{"line":130,"column":53}},"35":{"start":{"line":136,"column":29},"end":{"line":136,"column":53}},"36":{"start":{"line":144,"column":29},"end":{"line":144,"column":51}},"37":{"start":{"line":150,"column":29},"end":{"line":150,"column":51}},"38":{"start":{"line":154,"column":50},"end":{"line":154,"column":75}},"39":{"start":{"line":163,"column":29},"end":{"line":163,"column":63}},"40":{"start":{"line":170,"column":14},"end":{"line":170,"column":44}},"41":{"start":{"line":171,"column":14},"end":{"line":171,"column":37}},"42":{"start":{"line":172,"column":14},"end":{"line":172,"column":36}},"43":{"start":{"line":176,"column":14},"end":{"line":180,"column":16}},"44":{"start":{"line":186,"column":44},"end":{"line":186,"column":69}},"45":{"start":{"line":187,"column":14},"end":{"line":187,"column":44}},"46":{"start":{"line":188,"column":14},"end":{"line":188,"column":42}},"47":{"start":{"line":194,"column":34},"end":{"line":194,"column":72}},"48":{"start":{"line":196,"column":16},"end":{"line":201,"column":25}},"49":{"start":{"line":208,"column":27},"end":{"line":208,"column":53}},"50":{"start":{"line":222,"column":29},"end":{"line":222,"column":60}}},"fnMap":{"0":{"name":"(anonymous_0)","decl":{"start":{"line":7,"column":24},"end":{"line":7,"column":25}},"loc":{"start":{"line":7,"column":30},"end":{"line":232,"column":1}},"line":7},"1":{"name":"(anonymous_1)","decl":{"start":{"line":37,"column":12},"end":{"line":37,"column":13}},"loc":{"start":{"line":37,"column":18},"end":{"line":47,"column":3}},"line":37},"2":{"name":"(anonymous_2)","decl":{"start":{"line":38,"column":25},"end":{"line":38,"column":26}},"loc":{"start":{"line":38,"column":37},"end":{"line":45,"column":5}},"line":38},"3":{"name":"(anonymous_3)","decl":{"start":{"line":62,"column":28},"end":{"line":62,"column":29}},"loc":{"start":{"line":62,"column":41},"end":{"line":105,"column":3}},"line":62},"4":{"name":"(anonymous_4)","decl":{"start":{"line":116,"column":22},"end":{"line":116,"column":23}},"loc":{"start":{"line":116,"column":29},"end":{"line":116,"column":57}},"line":116},"5":{"name":"(anonymous_5)","decl":{"start":{"line":122,"column":22},"end":{"line":122,"column":23}},"loc":{"start":{"line":122,"column":29},"end":{"line":122,"column":56}},"line":122},"6":{"name":"(anonymous_6)","decl":{"start":{"line":130,"column":22},"end":{"line":130,"column":23}},"loc":{"start":{"line":130,"column":29},"end":{"line":130,"column":53}},"line":130},"7":{"name":"(anonymous_7)","decl":{"start":{"line":136,"column":22},"end":{"line":136,"column":23}},"loc":{"start":{"line":136,"column":29},"end":{"line":136,"column":53}},"line":136},"8":{"name":"(anonymous_8)","decl":{"start":{"line":144,"column":22},"end":{"line":144,"column":23}},"loc":{"start":{"line":144,"column":29},"end":{"line":144,"column":51}},"line":144},"9":{"name":"(anonymous_9)","decl":{"start":{"line":150,"column":22},"end":{"line":150,"column":23}},"loc":{"start":{"line":150,"column":29},"end":{"line":150,"column":51}},"line":150},"10":{"name":"(anonymous_10)","decl":{"start":{"line":154,"column":43},"end":{"line":154,"column":44}},"loc":{"start":{"line":154,"column":50},"end":{"line":154,"column":75}},"line":154},"11":{"name":"(anonymous_11)","decl":{"start":{"line":163,"column":22},"end":{"line":163,"column":23}},"loc":{"start":{"line":163,"column":29},"end":{"line":163,"column":63}},"line":163},"12":{"name":"(anonymous_12)","decl":{"start":{"line":169,"column":22},"end":{"line":169,"column":23}},"loc":{"start":{"line":169,"column":29},"end":{"line":173,"column":13}},"line":169},"13":{"name":"(anonymous_13)","decl":{"start":{"line":175,"column":34},"end":{"line":175,"column":35}},"loc":{"start":{"line":175,"column":53},"end":{"line":181,"column":13}},"line":175},"14":{"name":"(anonymous_14)","decl":{"start":{"line":185,"column":22},"end":{"line":185,"column":23}},"loc":{"start":{"line":185,"column":29},"end":{"line":189,"column":13}},"line":185},"15":{"name":"(anonymous_15)","decl":{"start":{"line":194,"column":22},"end":{"line":194,"column":23}},"loc":{"start":{"line":194,"column":34},"end":{"line":194,"column":72}},"line":194},"16":{"name":"(anonymous_16)","decl":{"start":{"line":195,"column":19},"end":{"line":195,"column":20}},"loc":{"start":{"line":196,"column":16},"end":{"line":201,"column":25}},"line":196},"17":{"name":"(anonymous_17)","decl":{"start":{"line":208,"column":20},"end":{"line":208,"column":21}},"loc":{"start":{"line":208,"column":27},"end":{"line":208,"column":53}},"line":208},"18":{"name":"(anonymous_18)","decl":{"start":{"line":222,"column":22},"end":{"line":222,"column":23}},"loc":{"start":{"line":222,"column":29},"end":{"line":222,"column":60}},"line":222}},"branchMap":{},"s":{"0":1,"1":0,"2":0,"3":0,"4":0,"5":0,"6":0,"7":0,"8":0,"9":0,"10":0,"11":0,"12":0,"13":0,"14":0,"15":0,"16":0,"17":0,"18":0,"19":0,"20":0,"21":0,"22":0,"23":0,"24":0,"25":0,"26":0,"27":0,"28":0,"29":0,"30":0,"31":0,"32":0,"33":0,"34":0,"35":0,"36":0,"37":0,"38":0,"39":0,"40":0,"41":0,"42":0,"43":0,"44":0,"45":0,"46":0,"47":0,"48":0,"49":0,"50":0},"f":{"0":0,"1":0,"2":0,"3":0,"4":0,"5":0,"6":0,"7":0,"8":0,"9":0,"10":0,"11":0,"12":0,"13":0,"14":0,"15":0,"16":0,"17":0,"18":0},"b":{},"_coverageSchema":"1a1c01bbd47fc00a2c39e90264f33305004495a9","hash":"95613df9c190afdfc7490b3ad671d6ba62de2309"}
,"C:\\Users\\Erhan\\Downloads\\Medical-Clinic-local-main (1)\\Medical-Clinic-local-main\\frontend\\src\\components\\Biography.jsx": {"path":"C:\\Users\\Erhan\\Downloads\\Medical-Clinic-local-main (1)\\Medical-Clinic-local-main\\frontend\\src\\components\\Biography.jsx","statementMap":{"0":{"start":{"line":4,"column":18},"end":{"line":20,"column":1}},"1":{"start":{"line":5,"column":16},"end":{"line":5,"column":32}},"2":{"start":{"line":7,"column":2},"end":{"line":19,"column":4}}},"fnMap":{"0":{"name":"(anonymous_0)","decl":{"start":{"line":4,"column":18},"end":{"line":4,"column":19}},"loc":{"start":{"line":4,"column":36},"end":{"line":20,"column":1}},"line":4}},"branchMap":{},"s":{"0":1,"1":0,"2":0},"f":{"0":0},"b":{},"_coverageSchema":"1a1c01bbd47fc00a2c39e90264f33305004495a9","hash":"045b83cca5e0a5cbae2e9203a8ded4f7c3575131"}
,"C:\\Users\\Erhan\\Downloads\\Medical-Clinic-local-main (1)\\Medical-Clinic-local-main\\frontend\\src\\components\\Departments.jsx": {"path":"C:\\Users\\Erhan\\Downloads\\Medical-Clinic-local-main (1)\\Medical-Clinic-local-main\\frontend\\src\\components\\Departments.jsx","statementMap":{"0":{"start":{"line":6,"column":20},"end":{"line":89,"column":1}},"1":{"start":{"line":7,"column":16},"end":{"line":7,"column":32}},"2":{"start":{"line":9,"column":27},"end":{"line":46,"column":3}},"3":{"start":{"line":48,"column":21},"end":{"line":69,"column":3}},"4":{"start":{"line":71,"column":2},"end":{"line":88,"column":4}},"5":{"start":{"line":79,"column":10},"end":{"line":84,"column":12}}},"fnMap":{"0":{"name":"(anonymous_0)","decl":{"start":{"line":6,"column":20},"end":{"line":6,"column":21}},"loc":{"start":{"line":6,"column":26},"end":{"line":89,"column":1}},"line":6},"1":{"name":"(anonymous_1)","decl":{"start":{"line":78,"column":30},"end":{"line":78,"column":31}},"loc":{"start":{"line":78,"column":49},"end":{"line":85,"column":9}},"line":78}},"branchMap":{},"s":{"0":1,"1":0,"2":0,"3":0,"4":0,"5":0},"f":{"0":0,"1":0},"b":{},"_coverageSchema":"1a1c01bbd47fc00a2c39e90264f33305004495a9","hash":"dff70c3048d14b6f802506da7ae909cee86f5e58"}
,"C:\\Users\\Erhan\\Downloads\\Medical-Clinic-local-main (1)\\Medical-Clinic-local-main\\frontend\\src\\components\\Footer.jsx": {"path":"C:\\Users\\Erhan\\Downloads\\Medical-Clinic-local-main (1)\\Medical-Clinic-local-main\\frontend\\src\\components\\Footer.jsx","statementMap":{"0":{"start":{"line":7,"column":15},"end":{"line":94,"column":1}},"1":{"start":{"line":8,"column":16},"end":{"line":8,"column":32}},"2":{"start":{"line":10,"column":16},"end":{"line":46,"column":3}},"3":{"start":{"line":48,"column":2},"end":{"line":93,"column":4}},"4":{"start":{"line":68,"column":16},"end":{"line":71,"column":21}}},"fnMap":{"0":{"name":"(anonymous_0)","decl":{"start":{"line":7,"column":15},"end":{"line":7,"column":16}},"loc":{"start":{"line":7,"column":21},"end":{"line":94,"column":1}},"line":7},"1":{"name":"(anonymous_1)","decl":{"start":{"line":67,"column":25},"end":{"line":67,"column":26}},"loc":{"start":{"line":68,"column":16},"end":{"line":71,"column":21}},"line":68}},"branchMap":{},"s":{"0":1,"1":0,"2":0,"3":0,"4":0},"f":{"0":0,"1":0},"b":{},"_coverageSchema":"1a1c01bbd47fc00a2c39e90264f33305004495a9","hash":"816cddb228cdca5583ca30f78d37c6fa6ab0a71a"}
,"C:\\Users\\Erhan\\Downloads\\Medical-Clinic-local-main (1)\\Medical-Clinic-local-main\\frontend\\src\\components\\Hero.jsx": {"path":"C:\\Users\\Erhan\\Downloads\\Medical-Clinic-local-main (1)\\Medical-Clinic-local-main\\frontend\\src\\components\\Hero.jsx","statementMap":{"0":{"start":{"line":4,"column":13},"end":{"line":25,"column":1}},"1":{"start":{"line":5,"column":16},"end":{"line":5,"column":32}},"2":{"start":{"line":7,"column":2},"end":{"line":24,"column":4}}},"fnMap":{"0":{"name":"(anonymous_0)","decl":{"start":{"line":4,"column":13},"end":{"line":4,"column":14}},"loc":{"start":{"line":4,"column":38},"end":{"line":25,"column":1}},"line":4}},"branchMap":{},"s":{"0":1,"1":0,"2":0},"f":{"0":0},"b":{},"_coverageSchema":"1a1c01bbd47fc00a2c39e90264f33305004495a9","hash":"195dadeb9149cdadf7da4d6d58c425f9b233c358"}
,"C:\\Users\\Erhan\\Downloads\\Medical-Clinic-local-main (1)\\Medical-Clinic-local-main\\frontend\\src\\components\\MessageForm.jsx": {"path":"C:\\Users\\Erhan\\Downloads\\Medical-Clinic-local-main (1)\\Medical-Clinic-local-main\\frontend\\src\\components\\MessageForm.jsx","statementMap":{"0":{"start":{"line":105,"column":20},"end":{"line":225,"column":1}},"1":{"start":{"line":106,"column":16},"end":{"line":106,"column":32}},"2":{"start":{"line":108,"column":34},"end":{"line":114,"column":4}},"3":{"start":{"line":116,"column":32},"end":{"line":116,"column":47}},"4":{"start":{"line":118,"column":23},"end":{"line":120,"column":3}},"5":{"start":{"line":119,"column":4},"end":{"line":119,"column":66}},"6":{"start":{"line":122,"column":24},"end":{"line":167,"column":3}},"7":{"start":{"line":123,"column":4},"end":{"line":123,"column":23}},"8":{"start":{"line":126,"column":4},"end":{"line":129,"column":5}},"9":{"start":{"line":127,"column":6},"end":{"line":127,"column":52}},"10":{"start":{"line":128,"column":6},"end":{"line":128,"column":13}},"11":{"start":{"line":131,"column":4},"end":{"line":134,"column":5}},"12":{"start":{"line":132,"column":6},"end":{"line":132,"column":49}},"13":{"start":{"line":133,"column":6},"end":{"line":133,"column":13}},"14":{"start":{"line":136,"column":4},"end":{"line":136,"column":21}},"15":{"start":{"line":138,"column":4},"end":{"line":166,"column":5}},"16":{"start":{"line":139,"column":23},"end":{"line":148,"column":7}},"17":{"start":{"line":150,"column":6},"end":{"line":155,"column":7}},"18":{"start":{"line":151,"column":8},"end":{"line":151,"column":45}},"19":{"start":{"line":152,"column":8},"end":{"line":152,"column":88}},"20":{"start":{"line":154,"column":8},"end":{"line":154,"column":57}},"21":{"start":{"line":157,"column":6},"end":{"line":163,"column":7}},"22":{"start":{"line":158,"column":8},"end":{"line":158,"column":49}},"23":{"start":{"line":159,"column":13},"end":{"line":163,"column":7}},"24":{"start":{"line":160,"column":8},"end":{"line":160,"column":49}},"25":{"start":{"line":162,"column":8},"end":{"line":162,"column":51}},"26":{"start":{"line":165,"column":6},"end":{"line":165,"column":24}},"27":{"start":{"line":169,"column":2},"end":{"line":224,"column":4}}},"fnMap":{"0":{"name":"(anonymous_0)","decl":{"start":{"line":105,"column":20},"end":{"line":105,"column":21}},"loc":{"start":{"line":105,"column":26},"end":{"line":225,"column":1}},"line":105},"1":{"name":"(anonymous_1)","decl":{"start":{"line":118,"column":23},"end":{"line":118,"column":24}},"loc":{"start":{"line":118,"column":30},"end":{"line":120,"column":3}},"line":118},"2":{"name":"(anonymous_2)","decl":{"start":{"line":122,"column":24},"end":{"line":122,"column":25}},"loc":{"start":{"line":122,"column":37},"end":{"line":167,"column":3}},"line":122}},"branchMap":{"0":{"loc":{"start":{"line":126,"column":4},"end":{"line":129,"column":5}},"type":"if","locations":[{"start":{"line":126,"column":4},"end":{"line":129,"column":5}},{"start":{},"end":{}}],"line":126},"1":{"loc":{"start":{"line":126,"column":8},"end":{"line":126,"column":89}},"type":"binary-expr","locations":[{"start":{"line":126,"column":8},"end":{"line":126,"column":27}},{"start":{"line":126,"column":31},"end":{"line":126,"column":49}},{"start":{"line":126,"column":53},"end":{"line":126,"column":68}},{"start":{"line":126,"column":72},"end":{"line":126,"column":89}}],"line":126},"2":{"loc":{"start":{"line":131,"column":4},"end":{"line":134,"column":5}},"type":"if","locations":[{"start":{"line":131,"column":4},"end":{"line":134,"column":5}},{"start":{},"end":{}}],"line":131},"3":{"loc":{"start":{"line":150,"column":6},"end":{"line":155,"column":7}},"type":"if","locations":[{"start":{"line":150,"column":6},"end":{"line":155,"column":7}},{"start":{"line":153,"column":13},"end":{"line":155,"column":7}}],"line":150},"4":{"loc":{"start":{"line":157,"column":6},"end":{"line":163,"column":7}},"type":"if","locations":[{"start":{"line":157,"column":6},"end":{"line":163,"column":7}},{"start":{"line":159,"column":13},"end":{"line":163,"column":7}}],"line":157},"5":{"loc":{"start":{"line":159,"column":13},"end":{"line":163,"column":7}},"type":"if","locations":[{"start":{"line":159,"column":13},"end":{"line":163,"column":7}},{"start":{"line":161,"column":13},"end":{"line":163,"column":7}}],"line":159},"6":{"loc":{"start":{"line":219,"column":13},"end":{"line":219,"column":84}},"type":"cond-expr","locations":[{"start":{"line":219,"column":23},"end":{"line":219,"column":47}},{"start":{"line":219,"column":50},"end":{"line":219,"column":84}}],"line":219}},"s":{"0":2,"1":0,"2":0,"3":0,"4":0,"5":0,"6":0,"7":0,"8":0,"9":0,"10":0,"11":0,"12":0,"13":0,"14":0,"15":0,"16":0,"17":0,"18":0,"19":0,"20":0,"21":0,"22":0,"23":0,"24":0,"25":0,"26":0,"27":0},"f":{"0":0,"1":0,"2":0},"b":{"0":[0,0],"1":[0,0,0,0],"2":[0,0],"3":[0,0],"4":[0,0],"5":[0,0],"6":[0,0]},"_coverageSchema":"1a1c01bbd47fc00a2c39e90264f33305004495a9","hash":"8f33aa6b544aad892d2653a3e40723e25e8ece9d"}
,"C:\\Users\\Erhan\\Downloads\\Medical-Clinic-local-main (1)\\Medical-Clinic-local-main\\frontend\\src\\components\\Navbar.jsx": {"path":"C:\\Users\\Erhan\\Downloads\\Medical-Clinic-local-main (1)\\Medical-Clinic-local-main\\frontend\\src\\components\\Navbar.jsx","statementMap":{"0":{"start":{"line":9,"column":15},"end":{"line":82,"column":1}},"1":{"start":{"line":10,"column":26},"end":{"line":10,"column":41}},"2":{"start":{"line":11,"column":50},"end":{"line":11,"column":69}},"3":{"start":{"line":12,"column":22},"end":{"line":12,"column":38}},"4":{"start":{"line":14,"column":23},"end":{"line":26,"column":3}},"5":{"start":{"line":15,"column":4},"end":{"line":25,"column":9}},"6":{"start":{"line":20,"column":8},"end":{"line":20,"column":40}},"7":{"start":{"line":21,"column":8},"end":{"line":21,"column":34}},"8":{"start":{"line":24,"column":8},"end":{"line":24,"column":47}},"9":{"start":{"line":28,"column":21},"end":{"line":28,"column":34}},"10":{"start":{"line":30,"column":20},"end":{"line":32,"column":3}},"11":{"start":{"line":31,"column":4},"end":{"line":31,"column":25}},"12":{"start":{"line":35,"column":31},"end":{"line":37,"column":3}},"13":{"start":{"line":36,"column":4},"end":{"line":36,"column":40}},"14":{"start":{"line":39,"column":2},"end":{"line":81,"column":4}},"15":{"start":{"line":47,"column":42},"end":{"line":47,"column":56}},"16":{"start":{"line":50,"column":53},"end":{"line":50,"column":67}},"17":{"start":{"line":53,"column":47},"end":{"line":53,"column":61}},"18":{"start":{"line":76,"column":50},"end":{"line":76,"column":64}}},"fnMap":{"0":{"name":"(anonymous_0)","decl":{"start":{"line":9,"column":15},"end":{"line":9,"column":16}},"loc":{"start":{"line":9,"column":21},"end":{"line":82,"column":1}},"line":9},"1":{"name":"(anonymous_1)","decl":{"start":{"line":14,"column":23},"end":{"line":14,"column":24}},"loc":{"start":{"line":14,"column":35},"end":{"line":26,"column":3}},"line":14},"2":{"name":"(anonymous_2)","decl":{"start":{"line":19,"column":12},"end":{"line":19,"column":13}},"loc":{"start":{"line":19,"column":21},"end":{"line":22,"column":7}},"line":19},"3":{"name":"(anonymous_3)","decl":{"start":{"line":23,"column":13},"end":{"line":23,"column":14}},"loc":{"start":{"line":23,"column":22},"end":{"line":25,"column":7}},"line":23},"4":{"name":"(anonymous_4)","decl":{"start":{"line":30,"column":20},"end":{"line":30,"column":21}},"loc":{"start":{"line":30,"column":26},"end":{"line":32,"column":3}},"line":30},"5":{"name":"(anonymous_5)","decl":{"start":{"line":35,"column":31},"end":{"line":35,"column":32}},"loc":{"start":{"line":35,"column":38},"end":{"line":37,"column":3}},"line":35},"6":{"name":"(anonymous_6)","decl":{"start":{"line":47,"column":36},"end":{"line":47,"column":37}},"loc":{"start":{"line":47,"column":42},"end":{"line":47,"column":56}},"line":47},"7":{"name":"(anonymous_7)","decl":{"start":{"line":50,"column":47},"end":{"line":50,"column":48}},"loc":{"start":{"line":50,"column":53},"end":{"line":50,"column":67}},"line":50},"8":{"name":"(anonymous_8)","decl":{"start":{"line":53,"column":41},"end":{"line":53,"column":42}},"loc":{"start":{"line":53,"column":47},"end":{"line":53,"column":61}},"line":53},"9":{"name":"(anonymous_9)","decl":{"start":{"line":76,"column":44},"end":{"line":76,"column":45}},"loc":{"start":{"line":76,"column":50},"end":{"line":76,"column":64}},"line":76}},"branchMap":{"0":{"loc":{"start":{"line":45,"column":24},"end":{"line":45,"column":63}},"type":"cond-expr","locations":[{"start":{"line":45,"column":31},"end":{"line":45,"column":50}},{"start":{"line":45,"column":53},"end":{"line":45,"column":63}}],"line":45},"1":{"loc":{"start":{"line":66,"column":11},"end":{"line":74,"column":11}},"type":"cond-expr","locations":[{"start":{"line":67,"column":12},"end":{"line":69,"column":21}},{"start":{"line":71,"column":12},"end":{"line":73,"column":21}}],"line":66}},"s":{"0":1,"1":0,"2":0,"3":0,"4":0,"5":0,"6":0,"7":0,"8":0,"9":0,"10":0,"11":0,"12":0,"13":0,"14":0,"15":0,"16":0,"17":0,"18":0},"f":{"0":0,"1":0,"2":0,"3":0,"4":0,"5":0,"6":0,"7":0,"8":0,"9":0},"b":{"0":[0,0],"1":[0,0]},"_coverageSchema":"1a1c01bbd47fc00a2c39e90264f33305004495a9","hash":"bd7cddcae3b1981bee87f313635311db21273011"}
,"C:\\Users\\Erhan\\Downloads\\Medical-Clinic-local-main (1)\\Medical-Clinic-local-main\\frontend\\src\\pages\\AboutUs.jsx": {"path":"C:\\Users\\Erhan\\Downloads\\Medical-Clinic-local-main (1)\\Medical-Clinic-local-main\\frontend\\src\\pages\\AboutUs.jsx","statementMap":{"0":{"start":{"line":5,"column":16},"end":{"line":17,"column":1}},"1":{"start":{"line":6,"column":2},"end":{"line":16,"column":3}}},"fnMap":{"0":{"name":"(anonymous_0)","decl":{"start":{"line":5,"column":16},"end":{"line":5,"column":17}},"loc":{"start":{"line":5,"column":22},"end":{"line":17,"column":1}},"line":5}},"branchMap":{},"s":{"0":1,"1":0},"f":{"0":0},"b":{},"_coverageSchema":"1a1c01bbd47fc00a2c39e90264f33305004495a9","hash":"65e4fe5fc7a9d741c4d848fb21c2367c93598d2d"}
,"C:\\Users\\Erhan\\Downloads\\Medical-Clinic-local-main (1)\\Medical-Clinic-local-main\\frontend\\src\\pages\\Appointment.jsx": {"path":"C:\\Users\\Erhan\\Downloads\\Medical-Clinic-local-main (1)\\Medical-Clinic-local-main\\frontend\\src\\pages\\Appointment.jsx","statementMap":{"0":{"start":{"line":5,"column":20},"end":{"line":15,"column":1}},"1":{"start":{"line":6,"column":2},"end":{"line":14,"column":3}}},"fnMap":{"0":{"name":"(anonymous_0)","decl":{"start":{"line":5,"column":20},"end":{"line":5,"column":21}},"loc":{"start":{"line":5,"column":26},"end":{"line":15,"column":1}},"line":5}},"branchMap":{},"s":{"0":1,"1":0},"f":{"0":0},"b":{},"_coverageSchema":"1a1c01bbd47fc00a2c39e90264f33305004495a9","hash":"93ecd0d69d2bda899d8ca787a17ea88e0125374d"}
,"C:\\Users\\Erhan\\Downloads\\Medical-Clinic-local-main (1)\\Medical-Clinic-local-main\\frontend\\src\\pages\\Home.jsx": {"path":"C:\\Users\\Erhan\\Downloads\\Medical-Clinic-local-main (1)\\Medical-Clinic-local-main\\frontend\\src\\pages\\Home.jsx","statementMap":{"0":{"start":{"line":7,"column":13},"end":{"line":19,"column":1}},"1":{"start":{"line":8,"column":2},"end":{"line":18,"column":3}}},"fnMap":{"0":{"name":"(anonymous_0)","decl":{"start":{"line":7,"column":13},"end":{"line":7,"column":14}},"loc":{"start":{"line":7,"column":19},"end":{"line":19,"column":1}},"line":7}},"branchMap":{},"s":{"0":1,"1":0},"f":{"0":0},"b":{},"_coverageSchema":"1a1c01bbd47fc00a2c39e90264f33305004495a9","hash":"7c3e7985bee56e3fd2bf7c2ad3d691761b6d71ce"}
,"C:\\Users\\Erhan\\Downloads\\Medical-Clinic-local-main (1)\\Medical-Clinic-local-main\\frontend\\src\\pages\\Login.jsx": {"path":"C:\\Users\\Erhan\\Downloads\\Medical-Clinic-local-main (1)\\Medical-Clinic-local-main\\frontend\\src\\pages\\Login.jsx","statementMap":{"0":{"start":{"line":8,"column":14},"end":{"line":94,"column":1}},"1":{"start":{"line":9,"column":50},"end":{"line":9,"column":69}},"2":{"start":{"line":10,"column":16},"end":{"line":10,"column":32}},"3":{"start":{"line":12,"column":28},"end":{"line":12,"column":40}},"4":{"start":{"line":13,"column":34},"end":{"line":13,"column":46}},"5":{"start":{"line":14,"column":48},"end":{"line":14,"column":60}},"6":{"start":{"line":16,"column":21},"end":{"line":16,"column":34}},"7":{"start":{"line":18,"column":22},"end":{"line":41,"column":3}},"8":{"start":{"line":19,"column":4},"end":{"line":19,"column":23}},"9":{"start":{"line":20,"column":4},"end":{"line":40,"column":5}},"10":{"start":{"line":21,"column":6},"end":{"line":37,"column":11}},"11":{"start":{"line":31,"column":10},"end":{"line":31,"column":42}},"12":{"start":{"line":32,"column":10},"end":{"line":32,"column":35}},"13":{"start":{"line":33,"column":10},"end":{"line":33,"column":26}},"14":{"start":{"line":34,"column":10},"end":{"line":34,"column":23}},"15":{"start":{"line":35,"column":10},"end":{"line":35,"column":26}},"16":{"start":{"line":36,"column":10},"end":{"line":36,"column":33}},"17":{"start":{"line":39,"column":6},"end":{"line":39,"column":47}},"18":{"start":{"line":43,"column":2},"end":{"line":45,"column":3}},"19":{"start":{"line":44,"column":4},"end":{"line":44,"column":33}},"20":{"start":{"line":47,"column":2},"end":{"line":93,"column":4}},"21":{"start":{"line":58,"column":29},"end":{"line":58,"column":53}},"22":{"start":{"line":64,"column":29},"end":{"line":64,"column":56}},"23":{"start":{"line":70,"column":29},"end":{"line":70,"column":63}}},"fnMap":{"0":{"name":"(anonymous_0)","decl":{"start":{"line":8,"column":14},"end":{"line":8,"column":15}},"loc":{"start":{"line":8,"column":20},"end":{"line":94,"column":1}},"line":8},"1":{"name":"(anonymous_1)","decl":{"start":{"line":18,"column":22},"end":{"line":18,"column":23}},"loc":{"start":{"line":18,"column":35},"end":{"line":41,"column":3}},"line":18},"2":{"name":"(anonymous_2)","decl":{"start":{"line":30,"column":14},"end":{"line":30,"column":15}},"loc":{"start":{"line":30,"column":23},"end":{"line":37,"column":9}},"line":30},"3":{"name":"(anonymous_3)","decl":{"start":{"line":58,"column":22},"end":{"line":58,"column":23}},"loc":{"start":{"line":58,"column":29},"end":{"line":58,"column":53}},"line":58},"4":{"name":"(anonymous_4)","decl":{"start":{"line":64,"column":22},"end":{"line":64,"column":23}},"loc":{"start":{"line":64,"column":29},"end":{"line":64,"column":56}},"line":64},"5":{"name":"(anonymous_5)","decl":{"start":{"line":70,"column":22},"end":{"line":70,"column":23}},"loc":{"start":{"line":70,"column":29},"end":{"line":70,"column":63}},"line":70}},"branchMap":{"0":{"loc":{"start":{"line":43,"column":2},"end":{"line":45,"column":3}},"type":"if","locations":[{"start":{"line":43,"column":2},"end":{"line":45,"column":3}},{"start":{},"end":{}}],"line":43}},"s":{"0":1,"1":0,"2":0,"3":0,"4":0,"5":0,"6":0,"7":0,"8":0,"9":0,"10":0,"11":0,"12":0,"13":0,"14":0,"15":0,"16":0,"17":0,"18":0,"19":0,"20":0,"21":0,"22":0,"23":0},"f":{"0":0,"1":0,"2":0,"3":0,"4":0,"5":0},"b":{"0":[0,0]},"_coverageSchema":"1a1c01bbd47fc00a2c39e90264f33305004495a9","hash":"f40f589d6c84c4371680029e2526862bf814cc66"}
,"C:\\Users\\Erhan\\Downloads\\Medical-Clinic-local-main (1)\\Medical-Clinic-local-main\\frontend\\src\\pages\\Register.jsx": {"path":"C:\\Users\\Erhan\\Downloads\\Medical-Clinic-local-main (1)\\Medical-Clinic-local-main\\frontend\\src\\pages\\Register.jsx","statementMap":{"0":{"start":{"line":8,"column":17},"end":{"line":132,"column":1}},"1":{"start":{"line":9,"column":16},"end":{"line":9,"column":32}},"2":{"start":{"line":10,"column":50},"end":{"line":10,"column":69}},"3":{"start":{"line":12,"column":36},"end":{"line":12,"column":48}},"4":{"start":{"line":13,"column":34},"end":{"line":13,"column":46}},"5":{"start":{"line":14,"column":28},"end":{"line":14,"column":40}},"6":{"start":{"line":15,"column":28},"end":{"line":15,"column":40}},"7":{"start":{"line":16,"column":24},"end":{"line":16,"column":36}},"8":{"start":{"line":17,"column":24},"end":{"line":17,"column":36}},"9":{"start":{"line":18,"column":30},"end":{"line":18,"column":42}},"10":{"start":{"line":19,"column":34},"end":{"line":19,"column":46}},"11":{"start":{"line":21,"column":21},"end":{"line":21,"column":34}},"12":{"start":{"line":23,"column":29},"end":{"line":51,"column":3}},"13":{"start":{"line":24,"column":4},"end":{"line":24,"column":23}},"14":{"start":{"line":25,"column":4},"end":{"line":50,"column":5}},"15":{"start":{"line":26,"column":6},"end":{"line":47,"column":11}},"16":{"start":{"line":36,"column":10},"end":{"line":36,"column":42}},"17":{"start":{"line":37,"column":10},"end":{"line":37,"column":35}},"18":{"start":{"line":38,"column":10},"end":{"line":38,"column":26}},"19":{"start":{"line":39,"column":10},"end":{"line":39,"column":27}},"20":{"start":{"line":40,"column":10},"end":{"line":40,"column":26}},"21":{"start":{"line":41,"column":10},"end":{"line":41,"column":23}},"22":{"start":{"line":42,"column":10},"end":{"line":42,"column":23}},"23":{"start":{"line":43,"column":10},"end":{"line":43,"column":21}},"24":{"start":{"line":44,"column":10},"end":{"line":44,"column":21}},"25":{"start":{"line":45,"column":10},"end":{"line":45,"column":24}},"26":{"start":{"line":46,"column":10},"end":{"line":46,"column":26}},"27":{"start":{"line":49,"column":6},"end":{"line":49,"column":47}},"28":{"start":{"line":53,"column":2},"end":{"line":55,"column":3}},"29":{"start":{"line":54,"column":4},"end":{"line":54,"column":33}},"30":{"start":{"line":57,"column":2},"end":{"line":131,"column":4}},"31":{"start":{"line":67,"column":29},"end":{"line":67,"column":57}},"32":{"start":{"line":73,"column":29},"end":{"line":73,"column":56}},"33":{"start":{"line":81,"column":29},"end":{"line":81,"column":53}},"34":{"start":{"line":87,"column":29},"end":{"line":87,"column":53}},"35":{"start":{"line":95,"column":29},"end":{"line":95,"column":51}},"36":{"start":{"line":101,"column":29},"end":{"line":101,"column":51}},"37":{"start":{"line":105,"column":50},"end":{"line":105,"column":75}},"38":{"start":{"line":114,"column":29},"end":{"line":114,"column":56}}},"fnMap":{"0":{"name":"(anonymous_0)","decl":{"start":{"line":8,"column":17},"end":{"line":8,"column":18}},"loc":{"start":{"line":8,"column":23},"end":{"line":132,"column":1}},"line":8},"1":{"name":"(anonymous_1)","decl":{"start":{"line":23,"column":29},"end":{"line":23,"column":30}},"loc":{"start":{"line":23,"column":42},"end":{"line":51,"column":3}},"line":23},"2":{"name":"(anonymous_2)","decl":{"start":{"line":35,"column":14},"end":{"line":35,"column":15}},"loc":{"start":{"line":35,"column":23},"end":{"line":47,"column":9}},"line":35},"3":{"name":"(anonymous_3)","decl":{"start":{"line":67,"column":22},"end":{"line":67,"column":23}},"loc":{"start":{"line":67,"column":29},"end":{"line":67,"column":57}},"line":67},"4":{"name":"(anonymous_4)","decl":{"start":{"line":73,"column":22},"end":{"line":73,"column":23}},"loc":{"start":{"line":73,"column":29},"end":{"line":73,"column":56}},"line":73},"5":{"name":"(anonymous_5)","decl":{"start":{"line":81,"column":22},"end":{"line":81,"column":23}},"loc":{"start":{"line":81,"column":29},"end":{"line":81,"column":53}},"line":81},"6":{"name":"(anonymous_6)","decl":{"start":{"line":87,"column":22},"end":{"line":87,"column":23}},"loc":{"start":{"line":87,"column":29},"end":{"line":87,"column":53}},"line":87},"7":{"name":"(anonymous_7)","decl":{"start":{"line":95,"column":22},"end":{"line":95,"column":23}},"loc":{"start":{"line":95,"column":29},"end":{"line":95,"column":51}},"line":95},"8":{"name":"(anonymous_8)","decl":{"start":{"line":101,"column":22},"end":{"line":101,"column":23}},"loc":{"start":{"line":101,"column":29},"end":{"line":101,"column":51}},"line":101},"9":{"name":"(anonymous_9)","decl":{"start":{"line":105,"column":43},"end":{"line":105,"column":44}},"loc":{"start":{"line":105,"column":50},"end":{"line":105,"column":75}},"line":105},"10":{"name":"(anonymous_10)","decl":{"start":{"line":114,"column":22},"end":{"line":114,"column":23}},"loc":{"start":{"line":114,"column":29},"end":{"line":114,"column":56}},"line":114}},"branchMap":{"0":{"loc":{"start":{"line":53,"column":2},"end":{"line":55,"column":3}},"type":"if","locations":[{"start":{"line":53,"column":2},"end":{"line":55,"column":3}},{"start":{},"end":{}}],"line":53}},"s":{"0":1,"1":0,"2":0,"3":0,"4":0,"5":0,"6":0,"7":0,"8":0,"9":0,"10":0,"11":0,"12":0,"13":0,"14":0,"15":0,"16":0,"17":0,"18":0,"19":0,"20":0,"21":0,"22":0,"23":0,"24":0,"25":0,"26":0,"27":0,"28":0,"29":0,"30":0,"31":0,"32":0,"33":0,"34":0,"35":0,"36":0,"37":0,"38":0},"f":{"0":0,"1":0,"2":0,"3":0,"4":0,"5":0,"6":0,"7":0,"8":0,"9":0,"10":0},"b":{"0":[0,0]},"_coverageSchema":"1a1c01bbd47fc00a2c39e90264f33305004495a9","hash":"9aa5f31a63c00bb731f6f78df0a05b9bb4821f58"}
}
